Using pre-set license
Built from '2020.3/staging' branch; Version is '2020.3.26f1 (7298b473bc1a) revision 7510196'; Using compiler version '192528614'; Build Type 'Release'
OS: 'Windows 11  (10.0.22621) 64bit Professional' Language: 'zh' Physical Memory: 32592 MB
BatchMode: 1, IsHumanControllingUs: 0, StartBugReporterOnCrash: 0, Is64bit: 1, IsPro: 0

COMMAND LINE ARGUMENTS:
D:\2020.3.26f1\Editor\Unity.exe
-adb2
-batchMode
-noUpm
-name
AssetImportWorker0
-projectPath
C:/Users/Percy Lu/Documents/GitHub/SpaceShooter/SpaceShooter/SpaceSHMUP-Unity
-logFile
Logs/AssetImportWorker0.log
-srvPort
51657
Successfully changed project path to: C:/Users/Percy Lu/Documents/GitHub/SpaceShooter/SpaceShooter/SpaceSHMUP-Unity
C:/Users/Percy Lu/Documents/GitHub/SpaceShooter/SpaceShooter/SpaceSHMUP-Unity
Using Asset Import Pipeline V2.
Refreshing native plugins compatible for Editor in 48.41 ms, found 2 plugins.
Preloading 0 native plugins for Editor in 0.00 ms.
Initialize engine version: 2020.3.26f1 (7298b473bc1a)
[Subsystems] Discovering subsystems at path D:/2020.3.26f1/Editor/Data/Resources/UnitySubsystems
[Subsystems] Discovering subsystems at path C:/Users/Percy Lu/Documents/GitHub/SpaceShooter/SpaceShooter/SpaceSHMUP-Unity/Assets
GfxDevice: creating device client; threaded=0
Direct3D:
    Version:  Direct3D 11.0 [level 11.1]
    Renderer: NVIDIA GeForce GTX 1080 (ID=0x1b80)
    Vendor:   
    VRAM:     8079 MB
    Driver:   27.21.14.5751
Initialize mono
Mono path[0] = 'D:/2020.3.26f1/Editor/Data/Managed'
Mono path[1] = 'D:/2020.3.26f1/Editor/Data/MonoBleedingEdge/lib/mono/unityjit'
Mono config path = 'D:/2020.3.26f1/Editor/Data/MonoBleedingEdge/etc'
Using monoOptions --debugger-agent=transport=dt_socket,embedding=1,server=y,suspend=n,address=127.0.0.1:56732
Begin MonoManager ReloadAssembly
Registering precompiled unity dll's ...
Register platform support module: D:/2020.3.26f1/Editor/Data/PlaybackEngines/WindowsStandaloneSupport/UnityEditor.WindowsStandalone.Extensions.dll
Registered in 0.000882 seconds.
Native extension for WindowsStandalone target not found
Refreshing native plugins compatible for Editor in 121.95 ms, found 2 plugins.
Preloading 0 native plugins for Editor in 0.00 ms.
Mono: successfully reloaded assembly
- Completed reload, in  0.618 seconds
Domain Reload Profiling:
	ReloadAssembly (618ms)
		BeginReloadAssembly (44ms)
			ExecutionOrderSort (0ms)
			DisableScriptedObjects (0ms)
			BackupInstance (0ms)
			ReleaseScriptingObjects (0ms)
			CreateAndSetChildDomain (1ms)
		EndReloadAssembly (516ms)
			LoadAssemblies (43ms)
			RebuildTransferFunctionScriptingTraits (0ms)
			SetupTypeCache (149ms)
			ReleaseScriptCaches (0ms)
			RebuildScriptCaches (31ms)
			SetupLoadedEditorAssemblies (236ms)
				LogAssemblyErrors (0ms)
				InitializePlatformSupportModulesInManaged (4ms)
				SetLoadedEditorAssemblies (0ms)
				RefreshPlugins (122ms)
				BeforeProcessingInitializeOnLoad (8ms)
				ProcessInitializeOnLoadAttributes (76ms)
				ProcessInitializeOnLoadMethodAttributes (26ms)
				AfterProcessingInitializeOnLoad (0ms)
				EditorAssembliesLoaded (0ms)
			ExecutionOrderSort2 (0ms)
			AwakeInstancesAfterBackupRestoration (0ms)
Platform modules already initialized, skipping
Registering precompiled user dll's ...
Registered in 0.004871 seconds.
Begin MonoManager ReloadAssembly
Native extension for WindowsStandalone target not found
Refreshing native plugins compatible for Editor in 46.81 ms, found 2 plugins.
Preloading 0 native plugins for Editor in 0.00 ms.
Mono: successfully reloaded assembly
- Completed reload, in  1.143 seconds
Domain Reload Profiling:
	ReloadAssembly (1144ms)
		BeginReloadAssembly (204ms)
			ExecutionOrderSort (0ms)
			DisableScriptedObjects (5ms)
			BackupInstance (0ms)
			ReleaseScriptingObjects (0ms)
			CreateAndSetChildDomain (22ms)
		EndReloadAssembly (854ms)
			LoadAssemblies (155ms)
			RebuildTransferFunctionScriptingTraits (0ms)
			SetupTypeCache (306ms)
			ReleaseScriptCaches (0ms)
			RebuildScriptCaches (45ms)
			SetupLoadedEditorAssemblies (291ms)
				LogAssemblyErrors (0ms)
				InitializePlatformSupportModulesInManaged (3ms)
				SetLoadedEditorAssemblies (0ms)
				RefreshPlugins (47ms)
				BeforeProcessingInitializeOnLoad (62ms)
				ProcessInitializeOnLoadAttributes (168ms)
				ProcessInitializeOnLoadMethodAttributes (8ms)
				AfterProcessingInitializeOnLoad (2ms)
				EditorAssembliesLoaded (0ms)
			ExecutionOrderSort2 (0ms)
			AwakeInstancesAfterBackupRestoration (6ms)
Platform modules already initialized, skipping
========================================================================
Worker process is ready to serve import requests
Launched and connected shader compiler UnityShaderCompiler.exe after 0.10 seconds
Refreshing native plugins compatible for Editor in 0.47 ms, found 2 plugins.
Preloading 0 native plugins for Editor in 0.00 ms.
Unloading 2855 Unused Serialized files (Serialized files now loaded: 0)
System memory in use before: 127.6 MB.
System memory in use after: 127.8 MB.

Unloading 20 unused Assets to reduce memory usage. Loaded Objects now: 3286.
Total: 2.560100 ms (FindLiveObjects: 0.202900 ms CreateObjectMapping: 0.112400 ms MarkObjects: 2.184000 ms  DeleteObjects: 0.059600 ms)

AssetImportParameters requested are different than current active one (requested -> active):
  custom:framework-win-MediaFoundation: 216162199b28c13a410421893ffa2e32 -> 
  custom:video-decoder-ogg-theora: a1e56fd34408186e4bbccfd4996cb3dc -> 
  custom:container-muxer-webm: aa71ff27fc2769a1b78a27578f13a17b -> 
  custom:container-demuxer-webm: 4f35f7cbe854078d1ac9338744f61a02 -> 
  custom:container-demuxer-ogg: 62fdf1f143b41e24485cea50d1cbac27 -> 
  custom:video-encoder-webm-vp8: eb34c28f22e8b96e1ab97ce403110664 -> 
  custom:video-codec-MediaFoundation-h265: 746d11721c4dcdbdad8f713fa42b33f4 -> 
  custom:video-decoder-webm-vp8: 9c59270c3fd7afecdb556c50c9e8de78 -> 
  custom:audio-decoder-ogg-vorbis: bf7c407c2cedff20999df2af8eb42d56 -> 
  custom:audio-encoder-webm-vorbis: bf7c407c2cedff20999df2af8eb42d56 -> 
========================================================================
Received Import Request.
  path: Assets/Scripts/Enemy.cs
  artifactKey: Guid(854825ff5bbd59941bad7fb73e26f286) Importer(815301076,1909f56bfc062723c751e8b465ee728b)
Start importing Assets/Scripts/Enemy.cs using Guid(854825ff5bbd59941bad7fb73e26f286) Importer(815301076,1909f56bfc062723c751e8b465ee728b)  -> (artifact id: '99c0e1f8820c2cfb89609511504e575a') in 0.043295 seconds 
  Import took 0.046776 seconds .

========================================================================
Received Import Request.
  Time since last request: 7976.866151 seconds.
  path: Assets/Scripts/EnemySpawner.cs
  artifactKey: Guid(cf392e4a02dc39a49886685db4f6149e) Importer(815301076,1909f56bfc062723c751e8b465ee728b)
Start importing Assets/Scripts/EnemySpawner.cs using Guid(cf392e4a02dc39a49886685db4f6149e) Importer(815301076,1909f56bfc062723c751e8b465ee728b)  -> (artifact id: 'be32da9f23bc8a7f265bff2917428fe3') in 0.011170 seconds 
  Import took 0.085082 seconds .

========================================================================
Received Import Request.
  Time since last request: 67.269995 seconds.
  path: Assets/Scripts/Hero.cs
  artifactKey: Guid(b7f82ed2dda81f540a84d5371ebe4bc4) Importer(815301076,1909f56bfc062723c751e8b465ee728b)
Start importing Assets/Scripts/Hero.cs using Guid(b7f82ed2dda81f540a84d5371ebe4bc4) Importer(815301076,1909f56bfc062723c751e8b465ee728b)  -> (artifact id: '4c26eea53e965dca790a516b6971dbde') in 0.004424 seconds 
  Import took 0.008832 seconds .

========================================================================
Received Import Request.
  Time since last request: 9.488404 seconds.
  path: Assets/Scripts/NewBehaviourScript.cs
  artifactKey: Guid(870d4e10af6c1e547bc52e3b1053f558) Importer(815301076,1909f56bfc062723c751e8b465ee728b)
Start importing Assets/Scripts/NewBehaviourScript.cs using Guid(870d4e10af6c1e547bc52e3b1053f558) Importer(815301076,1909f56bfc062723c751e8b465ee728b)  -> (artifact id: '2af6122d9e77634f60365d63dff12a07') in 0.003968 seconds 
  Import took 0.009477 seconds .

========================================================================
Received Import Request.
  Time since last request: 8.242826 seconds.
  path: Assets/Scripts/ObjectPool.cs
  artifactKey: Guid(6f60c0e9c3cbb744eaa542f47e4adc2d) Importer(815301076,1909f56bfc062723c751e8b465ee728b)
Start importing Assets/Scripts/ObjectPool.cs using Guid(6f60c0e9c3cbb744eaa542f47e4adc2d) Importer(815301076,1909f56bfc062723c751e8b465ee728b)  -> (artifact id: '1b4492698cde5d01e0ec94282cdc9f00') in 0.003495 seconds 
  Import took 0.007812 seconds .

========================================================================
Received Import Request.
  Time since last request: 8.075622 seconds.
  path: Assets/Scripts/PoolReturn.cs
  artifactKey: Guid(671970460ff275945916a6833bb55cec) Importer(815301076,1909f56bfc062723c751e8b465ee728b)
Start importing Assets/Scripts/PoolReturn.cs using Guid(671970460ff275945916a6833bb55cec) Importer(815301076,1909f56bfc062723c751e8b465ee728b)  -> (artifact id: '7ce800858e3be40494635c34adfd7588') in 0.003646 seconds 
  Import took 0.008821 seconds .

========================================================================
Received Import Request.
  Time since last request: 9.231946 seconds.
  path: Assets/Scripts/Projectile.cs
  artifactKey: Guid(307fb51528f11a341b977356a88a0703) Importer(815301076,1909f56bfc062723c751e8b465ee728b)
Start importing Assets/Scripts/Projectile.cs using Guid(307fb51528f11a341b977356a88a0703) Importer(815301076,1909f56bfc062723c751e8b465ee728b)  -> (artifact id: '218831df03a21df0fe88aa748944957a') in 0.003994 seconds 
  Import took 0.007901 seconds .

========================================================================
Received Import Request.
  Time since last request: 7.444431 seconds.
  path: Assets/Scripts/Shield.cs
  artifactKey: Guid(121a09f480ada0d48a6f93c71b62d4aa) Importer(815301076,1909f56bfc062723c751e8b465ee728b)
Start importing Assets/Scripts/Shield.cs using Guid(121a09f480ada0d48a6f93c71b62d4aa) Importer(815301076,1909f56bfc062723c751e8b465ee728b)  -> (artifact id: '3c4d85d245bfc89204343c322397f26d') in 0.005762 seconds 
  Import took 0.009826 seconds .

AssetImportWorkerClient::OnTransportError - code=2 error=End of file
